This file contains any messages produced by compilers while
running configure, to aid debugging if configure makes a mistake.

It was created by NgMonitor configure 1.0, which was
generated by GNU Autoconf 2.69.  Invocation command line was

  $ ./configure 

## --------- ##
## Platform. ##
## --------- ##

hostname = heidsoftdeMacBook-Air.local
uname -m = x86_64
uname -r = 16.1.0
uname -s = Darwin
uname -v = Darwin Kernel Version 16.1.0: Thu Oct 13 21:26:57 PDT 2016; root:xnu-3789.21.3~60/RELEASE_X86_64

/usr/bin/uname -p = i386
/bin/uname -X     = unknown

/bin/arch              = unknown
/usr/bin/arch -k       = unknown
/usr/convex/getsysinfo = unknown
/usr/bin/hostinfo      = Mach kernel version:
	 Darwin Kernel Version 16.1.0: Thu Oct 13 21:26:57 PDT 2016; root:xnu-3789.21.3~60/RELEASE_X86_64
Kernel configured for up to 4 processors.
2 processors are physically available.
4 processors are logically available.
Processor type: x86_64h (Intel x86-64h Haswell)
Processors active: 0 1 2 3
Primary memory available: 8.00 gigabytes
Default processor set: 317 tasks, 1747 threads, 4 processors
Load average: 2.80, Mach factor: 1.40
/bin/machine           = unknown
/usr/bin/oslevel       = unknown
/bin/universe          = unknown

PATH: /Users/heidsoft/bin
PATH: /usr/local/bin
PATH: /usr/local/bin
PATH: /usr/bin
PATH: /bin
PATH: /usr/sbin
PATH: /sbin
PATH: /opt/X11/bin
PATH: /usr/local/go/bin
PATH: /Applications/Wireshark.app/Contents/MacOS
PATH: /Library/Java/JavaVirtualMachines/jdk1.8.0_91.jdk/Contents/Home/bin
PATH: /usr/local/go/bin
PATH: /usr/local/gopath/bin
PATH: /usr/local/mysql/bin
PATH: /usr/local/maven/bin


## ----------- ##
## Core tests. ##
## ----------- ##

configure:1835: checking build system type
configure:1849: result: x86_64-apple-darwin16.1.0
configure:1869: checking host system type
configure:1882: result: x86_64-apple-darwin16.1.0
configure:1902: checking target system type
configure:1915: result: x86_64-apple-darwin16.1.0
configure:1958: checking for a BSD-compatible install
configure:2026: result: /usr/local/bin/ginstall -c
configure:2037: checking whether build environment is sane
configure:2092: result: yes
configure:2243: checking for a thread-safe mkdir -p
configure:2282: result: /usr/local/bin/gmkdir -p
configure:2289: checking for gawk
configure:2319: result: no
configure:2289: checking for mawk
configure:2319: result: no
configure:2289: checking for nawk
configure:2319: result: no
configure:2289: checking for awk
configure:2305: found /usr/bin/awk
configure:2316: result: awk
configure:2327: checking whether make sets $(MAKE)
configure:2349: result: yes
configure:2378: checking whether make supports nested variables
configure:2395: result: yes
configure:2570: checking for gcc
configure:2586: found /usr/bin/gcc
configure:2597: result: gcc
configure:2826: checking for C compiler version
configure:2835: gcc --version >&5
Apple LLVM version 8.0.0 (clang-800.0.42.1)
Target: x86_64-apple-darwin16.1.0
Thread model: posix
InstalledDir: /Library/Developer/CommandLineTools/usr/bin
Configured with: --prefix=/Library/Developer/CommandLineTools/usr --with-gxx-include-dir=/usr/include/c++/4.2.1
configure:2846: $? = 0
configure:2835: gcc -v >&5
Configured with: --prefix=/Library/Developer/CommandLineTools/usr --with-gxx-include-dir=/usr/include/c++/4.2.1
Apple LLVM version 8.0.0 (clang-800.0.42.1)
Target: x86_64-apple-darwin16.1.0
Thread model: posix
InstalledDir: /Library/Developer/CommandLineTools/usr/bin
configure:2846: $? = 0
configure:2835: gcc -V >&5
clang: error: argument to '-V' is missing (expected 1 value)
clang: error: no input files
configure:2846: $? = 1
configure:2835: gcc -qversion >&5
clang: error: unknown argument: '-qversion'
clang: error: no input files
configure:2846: $? = 1
configure:2866: checking whether the C compiler works
configure:2888: gcc    conftest.c  >&5
configure:2892: $? = 0
configure:2940: result: yes
configure:2943: checking for C compiler default output file name
configure:2945: result: a.out
configure:2951: checking for suffix of executables
configure:2958: gcc -o conftest    conftest.c  >&5
configure:2962: $? = 0
configure:2984: result: 
configure:3006: checking whether we are cross compiling
configure:3014: gcc -o conftest    conftest.c  >&5
configure:3018: $? = 0
configure:3025: ./conftest
configure:3029: $? = 0
configure:3044: result: no
configure:3049: checking for suffix of object files
configure:3071: gcc -c   conftest.c >&5
configure:3075: $? = 0
configure:3096: result: o
configure:3100: checking whether we are using the GNU C compiler
configure:3119: gcc -c   conftest.c >&5
configure:3119: $? = 0
configure:3128: result: yes
configure:3137: checking whether gcc accepts -g
configure:3157: gcc -c -g  conftest.c >&5
configure:3157: $? = 0
configure:3198: result: yes
configure:3215: checking for gcc option to accept ISO C89
configure:3278: gcc  -c -g -O2  conftest.c >&5
configure:3278: $? = 0
configure:3291: result: none needed
configure:3316: checking whether gcc understands -c and -o together
configure:3338: gcc -c conftest.c -o conftest2.o
configure:3341: $? = 0
configure:3338: gcc -c conftest.c -o conftest2.o
configure:3341: $? = 0
configure:3353: result: yes
configure:3381: checking for style of include used by make
configure:3409: result: GNU
configure:3435: checking dependency style of gcc
configure:3546: result: gcc3
configure:3709: checking that generated files are newer than configure
configure:3715: result: done
configure:3738: creating ./config.status

## ---------------------- ##
## Running config.status. ##
## ---------------------- ##

This file was extended by NgMonitor config.status 1.0, which was
generated by GNU Autoconf 2.69.  Invocation command line was

  CONFIG_FILES    = 
  CONFIG_HEADERS  = 
  CONFIG_LINKS    = 
  CONFIG_COMMANDS = 
  $ ./config.status 

on heidsoftdeMacBook-Air.local

config.status:785: creating Makefile
config.status:785: creating src/Makefile
config.status:957: executing depfiles commands

## ---------------- ##
## Cache variables. ##
## ---------------- ##

ac_cv_build=x86_64-apple-darwin16.1.0
ac_cv_c_compiler_gnu=yes
ac_cv_env_CC_set=
ac_cv_env_CC_value=
ac_cv_env_CFLAGS_set=
ac_cv_env_CFLAGS_value=
ac_cv_env_CPPFLAGS_set=
ac_cv_env_CPPFLAGS_value=
ac_cv_env_LDFLAGS_set=
ac_cv_env_LDFLAGS_value=
ac_cv_env_LIBS_set=
ac_cv_env_LIBS_value=
ac_cv_env_build_alias_set=
ac_cv_env_build_alias_value=
ac_cv_env_host_alias_set=
ac_cv_env_host_alias_value=
ac_cv_env_target_alias_set=
ac_cv_env_target_alias_value=
ac_cv_host=x86_64-apple-darwin16.1.0
ac_cv_objext=o
ac_cv_path_install='/usr/local/bin/ginstall -c'
ac_cv_path_mkdir=/usr/local/bin/gmkdir
ac_cv_prog_AWK=awk
ac_cv_prog_ac_ct_CC=gcc
ac_cv_prog_cc_c89=
ac_cv_prog_cc_g=yes
ac_cv_prog_make_make_set=yes
ac_cv_target=x86_64-apple-darwin16.1.0
am_cv_CC_dependencies_compiler_type=gcc3
am_cv_make_support_nested_variables=yes
am_cv_prog_cc_c_o=yes

## ----------------- ##
## Output variables. ##
## ----------------- ##

ACLOCAL='${SHELL} /Users/heidsoft/Documents/workspace/NgMonitor/missing aclocal-1.15'
AMDEPBACKSLASH='\'
AMDEP_FALSE='#'
AMDEP_TRUE=''
AMTAR='$${TAR-tar}'
AM_BACKSLASH='\'
AM_DEFAULT_V='$(AM_DEFAULT_VERBOSITY)'
AM_DEFAULT_VERBOSITY='1'
AM_V='$(V)'
AUTOCONF='${SHELL} /Users/heidsoft/Documents/workspace/NgMonitor/missing autoconf'
AUTOHEADER='${SHELL} /Users/heidsoft/Documents/workspace/NgMonitor/missing autoheader'
AUTOMAKE='${SHELL} /Users/heidsoft/Documents/workspace/NgMonitor/missing automake-1.15'
AWK='awk'
CC='gcc'
CCDEPMODE='depmode=gcc3'
CFLAGS='-g -O2'
CPPFLAGS=''
CYGPATH_W='echo'
DEFS='-DPACKAGE_NAME=\"NgMonitor\" -DPACKAGE_TARNAME=\"ngmonitor\" -DPACKAGE_VERSION=\"1.0\" -DPACKAGE_STRING=\"NgMonitor\ 1.0\" -DPACKAGE_BUGREPORT=\"\" -DPACKAGE_URL=\"\" -DPACKAGE=\"ngmonitor\" -DVERSION=\"1.0\"'
DEPDIR='.deps'
ECHO_C='\c'
ECHO_N=''
ECHO_T=''
EXEEXT=''
INSTALL_DATA='${INSTALL} -m 644'
INSTALL_PROGRAM='${INSTALL}'
INSTALL_SCRIPT='${INSTALL}'
INSTALL_STRIP_PROGRAM='$(install_sh) -c -s'
LDFLAGS=''
LIBOBJS=''
LIBS=''
LTLIBOBJS=''
MAKEINFO='${SHELL} /Users/heidsoft/Documents/workspace/NgMonitor/missing makeinfo'
MKDIR_P='/usr/local/bin/gmkdir -p'
OBJEXT='o'
PACKAGE='ngmonitor'
PACKAGE_BUGREPORT=''
PACKAGE_NAME='NgMonitor'
PACKAGE_STRING='NgMonitor 1.0'
PACKAGE_TARNAME='ngmonitor'
PACKAGE_URL=''
PACKAGE_VERSION='1.0'
PATH_SEPARATOR=':'
SET_MAKE=''
SHELL='/bin/sh'
STRIP=''
VERSION='1.0'
ac_ct_CC='gcc'
am__EXEEXT_FALSE=''
am__EXEEXT_TRUE='#'
am__fastdepCC_FALSE='#'
am__fastdepCC_TRUE=''
am__include='include'
am__isrc=''
am__leading_dot='.'
am__nodep='_no'
am__quote=''
am__tar='$${TAR-tar} chof - "$$tardir"'
am__untar='$${TAR-tar} xf -'
bindir='${exec_prefix}/bin'
build='x86_64-apple-darwin16.1.0'
build_alias=''
build_cpu='x86_64'
build_os='darwin16.1.0'
build_vendor='apple'
datadir='${datarootdir}'
datarootdir='${prefix}/share'
docdir='${datarootdir}/doc/${PACKAGE_TARNAME}'
dvidir='${docdir}'
exec_prefix='${prefix}'
host='x86_64-apple-darwin16.1.0'
host_alias=''
host_cpu='x86_64'
host_os='darwin16.1.0'
host_vendor='apple'
htmldir='${docdir}'
includedir='${prefix}/include'
infodir='${datarootdir}/info'
install_sh='${SHELL} /Users/heidsoft/Documents/workspace/NgMonitor/install-sh'
libdir='${exec_prefix}/lib'
libexecdir='${exec_prefix}/libexec'
localedir='${datarootdir}/locale'
localstatedir='${prefix}/var'
mandir='${datarootdir}/man'
mkdir_p='$(MKDIR_P)'
oldincludedir='/usr/include'
pdfdir='${docdir}'
prefix='/usr/local'
program_transform_name='s,x,x,'
psdir='${docdir}'
sbindir='${exec_prefix}/sbin'
sharedstatedir='${prefix}/com'
sysconfdir='${prefix}/etc'
target='x86_64-apple-darwin16.1.0'
target_alias=''
target_cpu='x86_64'
target_os='darwin16.1.0'
target_vendor='apple'

## ----------- ##
## confdefs.h. ##
## ----------- ##

/* confdefs.h */
#define PACKAGE_NAME "NgMonitor"
#define PACKAGE_TARNAME "ngmonitor"
#define PACKAGE_VERSION "1.0"
#define PACKAGE_STRING "NgMonitor 1.0"
#define PACKAGE_BUGREPORT ""
#define PACKAGE_URL ""
#define PACKAGE "ngmonitor"
#define VERSION "1.0"

configure: exit 0
