This file contains any messages produced by compilers while
running configure, to aid debugging if configure makes a mistake.

It was created by FULL-PACKAGE-NAME configure VERSION, which was
generated by GNU Autoconf 2.69.  Invocation command line was

  $ ./configure --prefix=/Users/heidsoft/Documents/workspace/NgMonitor/src/install

## --------- ##
## Platform. ##
## --------- ##

hostname = heidsoftdeMacBook-Air.local
uname -m = x86_64
uname -r = 16.1.0
uname -s = Darwin
uname -v = Darwin Kernel Version 16.1.0: Thu Oct 13 21:26:57 PDT 2016; root:xnu-3789.21.3~60/RELEASE_X86_64

/usr/bin/uname -p = i386
/bin/uname -X     = unknown

/bin/arch              = unknown
/usr/bin/arch -k       = unknown
/usr/convex/getsysinfo = unknown
/usr/bin/hostinfo      = Mach kernel version:
	 Darwin Kernel Version 16.1.0: Thu Oct 13 21:26:57 PDT 2016; root:xnu-3789.21.3~60/RELEASE_X86_64
Kernel configured for up to 4 processors.
2 processors are physically available.
4 processors are logically available.
Processor type: x86_64h (Intel x86-64h Haswell)
Processors active: 0 1 2 3
Primary memory available: 8.00 gigabytes
Default processor set: 311 tasks, 1804 threads, 4 processors
Load average: 2.53, Mach factor: 1.73
/bin/machine           = unknown
/usr/bin/oslevel       = unknown
/bin/universe          = unknown

PATH: /Users/heidsoft/bin
PATH: /usr/local/bin
PATH: /usr/local/bin
PATH: /usr/bin
PATH: /bin
PATH: /usr/sbin
PATH: /sbin
PATH: /opt/X11/bin
PATH: /usr/local/go/bin
PATH: /Applications/Wireshark.app/Contents/MacOS
PATH: /Library/Java/JavaVirtualMachines/jdk1.8.0_91.jdk/Contents/Home/bin
PATH: /usr/local/go/bin
PATH: /usr/local/gopath/bin
PATH: /usr/local/gradle-3.4/bin
PATH: /usr/local/mysql/bin
PATH: /usr/local/maven/bin


## ----------- ##
## Core tests. ##
## ----------- ##

configure:2079: checking for a BSD-compatible install
configure:2147: result: /usr/local/bin/ginstall -c
configure:2158: checking whether build environment is sane
configure:2213: result: yes
configure:2364: checking for a thread-safe mkdir -p
configure:2403: result: /usr/local/bin/gmkdir -p
configure:2410: checking for gawk
configure:2440: result: no
configure:2410: checking for mawk
configure:2440: result: no
configure:2410: checking for nawk
configure:2440: result: no
configure:2410: checking for awk
configure:2426: found /usr/bin/awk
configure:2437: result: awk
configure:2448: checking whether make sets $(MAKE)
configure:2470: result: yes
configure:2499: checking whether make supports nested variables
configure:2516: result: yes
configure:2691: checking for gcc
configure:2707: found /usr/bin/gcc
configure:2718: result: gcc
configure:2947: checking for C compiler version
configure:2956: gcc --version >&5
Apple LLVM version 8.0.0 (clang-800.0.42.1)
Target: x86_64-apple-darwin16.1.0
Thread model: posix
InstalledDir: /Library/Developer/CommandLineTools/usr/bin
Configured with: --prefix=/Library/Developer/CommandLineTools/usr --with-gxx-include-dir=/usr/include/c++/4.2.1
configure:2967: $? = 0
configure:2956: gcc -v >&5
Configured with: --prefix=/Library/Developer/CommandLineTools/usr --with-gxx-include-dir=/usr/include/c++/4.2.1
Apple LLVM version 8.0.0 (clang-800.0.42.1)
Target: x86_64-apple-darwin16.1.0
Thread model: posix
InstalledDir: /Library/Developer/CommandLineTools/usr/bin
configure:2967: $? = 0
configure:2956: gcc -V >&5
clang: error: argument to '-V' is missing (expected 1 value)
clang: error: no input files
configure:2967: $? = 1
configure:2956: gcc -qversion >&5
clang: error: unknown argument: '-qversion'
clang: error: no input files
configure:2967: $? = 1
configure:2987: checking whether the C compiler works
configure:3009: gcc    conftest.c  >&5
configure:3013: $? = 0
configure:3061: result: yes
configure:3064: checking for C compiler default output file name
configure:3066: result: a.out
configure:3072: checking for suffix of executables
configure:3079: gcc -o conftest    conftest.c  >&5
configure:3083: $? = 0
configure:3105: result: 
configure:3127: checking whether we are cross compiling
configure:3135: gcc -o conftest    conftest.c  >&5
configure:3139: $? = 0
configure:3146: ./conftest
configure:3150: $? = 0
configure:3165: result: no
configure:3170: checking for suffix of object files
configure:3192: gcc -c   conftest.c >&5
configure:3196: $? = 0
configure:3217: result: o
configure:3221: checking whether we are using the GNU C compiler
configure:3240: gcc -c   conftest.c >&5
configure:3240: $? = 0
configure:3249: result: yes
configure:3258: checking whether gcc accepts -g
configure:3278: gcc -c -g  conftest.c >&5
configure:3278: $? = 0
configure:3319: result: yes
configure:3336: checking for gcc option to accept ISO C89
configure:3399: gcc  -c -g -O2  conftest.c >&5
configure:3399: $? = 0
configure:3412: result: none needed
configure:3437: checking whether gcc understands -c and -o together
configure:3459: gcc -c conftest.c -o conftest2.o
configure:3462: $? = 0
configure:3459: gcc -c conftest.c -o conftest2.o
configure:3462: $? = 0
configure:3474: result: yes
configure:3502: checking for style of include used by make
configure:3530: result: GNU
configure:3556: checking dependency style of gcc
configure:3667: result: gcc3
configure:3692: checking how to run the C preprocessor
configure:3723: gcc -E  conftest.c
configure:3723: $? = 0
configure:3737: gcc -E  conftest.c
conftest.c:11:10: fatal error: 'ac_nonexistent.h' file not found
#include <ac_nonexistent.h>
         ^
1 error generated.
configure:3737: $? = 1
configure: failed program was:
| /* confdefs.h */
| #define PACKAGE_NAME "FULL-PACKAGE-NAME"
| #define PACKAGE_TARNAME "full-package-name"
| #define PACKAGE_VERSION "VERSION"
| #define PACKAGE_STRING "FULL-PACKAGE-NAME VERSION"
| #define PACKAGE_BUGREPORT "BUG-REPORT-ADDRESS"
| #define PACKAGE_URL ""
| #define PACKAGE "full-package-name"
| #define VERSION "VERSION"
| /* end confdefs.h.  */
| #include <ac_nonexistent.h>
configure:3762: result: gcc -E
configure:3782: gcc -E  conftest.c
configure:3782: $? = 0
configure:3796: gcc -E  conftest.c
conftest.c:11:10: fatal error: 'ac_nonexistent.h' file not found
#include <ac_nonexistent.h>
         ^
1 error generated.
configure:3796: $? = 1
configure: failed program was:
| /* confdefs.h */
| #define PACKAGE_NAME "FULL-PACKAGE-NAME"
| #define PACKAGE_TARNAME "full-package-name"
| #define PACKAGE_VERSION "VERSION"
| #define PACKAGE_STRING "FULL-PACKAGE-NAME VERSION"
| #define PACKAGE_BUGREPORT "BUG-REPORT-ADDRESS"
| #define PACKAGE_URL ""
| #define PACKAGE "full-package-name"
| #define VERSION "VERSION"
| /* end confdefs.h.  */
| #include <ac_nonexistent.h>
configure:3825: checking for grep that handles long lines and -e
configure:3883: result: /usr/bin/grep
configure:3888: checking for egrep
configure:3950: result: /usr/bin/grep -E
configure:3955: checking for ANSI C header files
configure:3975: gcc -c -g -O2  conftest.c >&5
configure:3975: $? = 0
configure:4048: gcc -o conftest -g -O2   conftest.c  >&5
configure:4048: $? = 0
configure:4048: ./conftest
configure:4048: $? = 0
configure:4059: result: yes
configure:4072: checking for sys/types.h
configure:4072: gcc -c -g -O2  conftest.c >&5
configure:4072: $? = 0
configure:4072: result: yes
configure:4072: checking for sys/stat.h
configure:4072: gcc -c -g -O2  conftest.c >&5
configure:4072: $? = 0
configure:4072: result: yes
configure:4072: checking for stdlib.h
configure:4072: gcc -c -g -O2  conftest.c >&5
configure:4072: $? = 0
configure:4072: result: yes
configure:4072: checking for string.h
configure:4072: gcc -c -g -O2  conftest.c >&5
configure:4072: $? = 0
configure:4072: result: yes
configure:4072: checking for memory.h
configure:4072: gcc -c -g -O2  conftest.c >&5
configure:4072: $? = 0
configure:4072: result: yes
configure:4072: checking for strings.h
configure:4072: gcc -c -g -O2  conftest.c >&5
configure:4072: $? = 0
configure:4072: result: yes
configure:4072: checking for inttypes.h
configure:4072: gcc -c -g -O2  conftest.c >&5
configure:4072: $? = 0
configure:4072: result: yes
configure:4072: checking for stdint.h
configure:4072: gcc -c -g -O2  conftest.c >&5
configure:4072: $? = 0
configure:4072: result: yes
configure:4072: checking for unistd.h
configure:4072: gcc -c -g -O2  conftest.c >&5
configure:4072: $? = 0
configure:4072: result: yes
configure:4086: checking for stdlib.h
configure:4086: result: yes
configure:4211: checking that generated files are newer than configure
configure:4217: result: done
configure:4240: creating ./config.status

## ---------------------- ##
## Running config.status. ##
## ---------------------- ##

This file was extended by FULL-PACKAGE-NAME config.status VERSION, which was
generated by GNU Autoconf 2.69.  Invocation command line was

  CONFIG_FILES    = 
  CONFIG_HEADERS  = 
  CONFIG_LINKS    = 
  CONFIG_COMMANDS = 
  $ ./config.status 

on heidsoftdeMacBook-Air.local

config.status:853: creating Makefile
config.status:853: creating config.h
config.status:1082: executing depfiles commands

## ---------------- ##
## Cache variables. ##
## ---------------- ##

ac_cv_c_compiler_gnu=yes
ac_cv_env_CC_set=
ac_cv_env_CC_value=
ac_cv_env_CFLAGS_set=
ac_cv_env_CFLAGS_value=
ac_cv_env_CPPFLAGS_set=
ac_cv_env_CPPFLAGS_value=
ac_cv_env_CPP_set=
ac_cv_env_CPP_value=
ac_cv_env_LDFLAGS_set=
ac_cv_env_LDFLAGS_value=
ac_cv_env_LIBS_set=
ac_cv_env_LIBS_value=
ac_cv_env_build_alias_set=
ac_cv_env_build_alias_value=
ac_cv_env_host_alias_set=
ac_cv_env_host_alias_value=
ac_cv_env_target_alias_set=
ac_cv_env_target_alias_value=
ac_cv_header_inttypes_h=yes
ac_cv_header_memory_h=yes
ac_cv_header_stdc=yes
ac_cv_header_stdint_h=yes
ac_cv_header_stdlib_h=yes
ac_cv_header_string_h=yes
ac_cv_header_strings_h=yes
ac_cv_header_sys_stat_h=yes
ac_cv_header_sys_types_h=yes
ac_cv_header_unistd_h=yes
ac_cv_objext=o
ac_cv_path_EGREP='/usr/bin/grep -E'
ac_cv_path_GREP=/usr/bin/grep
ac_cv_path_install='/usr/local/bin/ginstall -c'
ac_cv_path_mkdir=/usr/local/bin/gmkdir
ac_cv_prog_AWK=awk
ac_cv_prog_CPP='gcc -E'
ac_cv_prog_ac_ct_CC=gcc
ac_cv_prog_cc_c89=
ac_cv_prog_cc_g=yes
ac_cv_prog_make_make_set=yes
am_cv_CC_dependencies_compiler_type=gcc3
am_cv_make_support_nested_variables=yes
am_cv_prog_cc_c_o=yes

## ----------------- ##
## Output variables. ##
## ----------------- ##

ACLOCAL='${SHELL} /Users/heidsoft/Documents/workspace/NgMonitor/src/missing aclocal-1.15'
AMDEPBACKSLASH='\'
AMDEP_FALSE='#'
AMDEP_TRUE=''
AMTAR='$${TAR-tar}'
AM_BACKSLASH='\'
AM_DEFAULT_V='$(AM_DEFAULT_VERBOSITY)'
AM_DEFAULT_VERBOSITY='1'
AM_V='$(V)'
AUTOCONF='${SHELL} /Users/heidsoft/Documents/workspace/NgMonitor/src/missing autoconf'
AUTOHEADER='${SHELL} /Users/heidsoft/Documents/workspace/NgMonitor/src/missing autoheader'
AUTOMAKE='${SHELL} /Users/heidsoft/Documents/workspace/NgMonitor/src/missing automake-1.15'
AWK='awk'
CC='gcc'
CCDEPMODE='depmode=gcc3'
CFLAGS='-g -O2'
CPP='gcc -E'
CPPFLAGS=''
CYGPATH_W='echo'
DEFS='-DHAVE_CONFIG_H'
DEPDIR='.deps'
ECHO_C='\c'
ECHO_N=''
ECHO_T=''
EGREP='/usr/bin/grep -E'
EXEEXT=''
GREP='/usr/bin/grep'
INSTALL_DATA='${INSTALL} -m 644'
INSTALL_PROGRAM='${INSTALL}'
INSTALL_SCRIPT='${INSTALL}'
INSTALL_STRIP_PROGRAM='$(install_sh) -c -s'
LDFLAGS=''
LIBOBJS=''
LIBS=''
LTLIBOBJS=''
MAKEINFO='${SHELL} /Users/heidsoft/Documents/workspace/NgMonitor/src/missing makeinfo'
MKDIR_P='/usr/local/bin/gmkdir -p'
OBJEXT='o'
PACKAGE='full-package-name'
PACKAGE_BUGREPORT='BUG-REPORT-ADDRESS'
PACKAGE_NAME='FULL-PACKAGE-NAME'
PACKAGE_STRING='FULL-PACKAGE-NAME VERSION'
PACKAGE_TARNAME='full-package-name'
PACKAGE_URL=''
PACKAGE_VERSION='VERSION'
PATH_SEPARATOR=':'
SET_MAKE=''
SHELL='/bin/sh'
STRIP=''
VERSION='VERSION'
ac_ct_CC='gcc'
am__EXEEXT_FALSE=''
am__EXEEXT_TRUE='#'
am__fastdepCC_FALSE='#'
am__fastdepCC_TRUE=''
am__include='include'
am__isrc=''
am__leading_dot='.'
am__nodep='_no'
am__quote=''
am__tar='$${TAR-tar} chof - "$$tardir"'
am__untar='$${TAR-tar} xf -'
bindir='${exec_prefix}/bin'
build_alias=''
datadir='${datarootdir}'
datarootdir='${prefix}/share'
docdir='${datarootdir}/doc/${PACKAGE_TARNAME}'
dvidir='${docdir}'
exec_prefix='${prefix}'
host_alias=''
htmldir='${docdir}'
includedir='${prefix}/include'
infodir='${datarootdir}/info'
install_sh='${SHELL} /Users/heidsoft/Documents/workspace/NgMonitor/src/install-sh'
libdir='${exec_prefix}/lib'
libexecdir='${exec_prefix}/libexec'
localedir='${datarootdir}/locale'
localstatedir='${prefix}/var'
mandir='${datarootdir}/man'
mkdir_p='$(MKDIR_P)'
oldincludedir='/usr/include'
pdfdir='${docdir}'
prefix='/Users/heidsoft/Documents/workspace/NgMonitor/src/install'
program_transform_name='s,x,x,'
psdir='${docdir}'
sbindir='${exec_prefix}/sbin'
sharedstatedir='${prefix}/com'
sysconfdir='${prefix}/etc'
target_alias=''

## ----------- ##
## confdefs.h. ##
## ----------- ##

/* confdefs.h */
#define PACKAGE_NAME "FULL-PACKAGE-NAME"
#define PACKAGE_TARNAME "full-package-name"
#define PACKAGE_VERSION "VERSION"
#define PACKAGE_STRING "FULL-PACKAGE-NAME VERSION"
#define PACKAGE_BUGREPORT "BUG-REPORT-ADDRESS"
#define PACKAGE_URL ""
#define PACKAGE "full-package-name"
#define VERSION "VERSION"
#define STDC_HEADERS 1
#define HAVE_SYS_TYPES_H 1
#define HAVE_SYS_STAT_H 1
#define HAVE_STDLIB_H 1
#define HAVE_STRING_H 1
#define HAVE_MEMORY_H 1
#define HAVE_STRINGS_H 1
#define HAVE_INTTYPES_H 1
#define HAVE_STDINT_H 1
#define HAVE_UNISTD_H 1
#define HAVE_STDLIB_H 1

configure: exit 0
